Program Internal Form (PIF):
(let, -1)
(int, -1)
(identifier, 0)
((, -1)
(int, -1)
(identifier, 1)
(), -1)
({, -1)
(int, -1)
(identifier, 2)
(=, -1)
(constant, 0)
(?, -1)
(int, -1)
(identifier, 3)
(=, -1)
(constant, 1)
(?, -1)
(while, -1)
((, -1)
(identifier, 3)
(<=, -1)
(identifier, 1)
(), -1)
({, -1)
(identifier, 2)
(=, -1)
(identifier, 2)
(*, -1)
(identifier, 3)
(?, -1)
(identifier, 3)
(=, -1)
(identifier, 3)
(+, -1)
(constant, 1)
(?, -1)
(}, -1)
(return, -1)
(identifier, 2)
(?, -1)
(}, -1)
(let, -1)
(int, -1)
(identifier, 4)
((, -1)
(), -1)
({, -1)
(int, -1)
(identifier, 1)
(=, -1)
(constant, 2)
(?, -1)
(print, -1)
((, -1)
(identifier, 0)
((, -1)
(identifier, 1)
(), -1)
(), -1)
(?, -1)
(}, -1)
